

Started GET "/" for ::1 at 2015-03-06 10:35:33 -0500
Processing by Rails::WelcomeController#index as HTML
  Rendered /Users/ThomasMidgett/.rbenv/versions/2.2.0/lib/ruby/gems/2.2.0/gems/railties-4.2.0/lib/rails/templates/rails/welcome/index.html.erb (2.0ms)
Completed 200 OK in 20ms (Views: 12.5ms | ActiveRecord: 0.0ms)


Started GET "/twitch/index" for ::1 at 2015-03-06 10:35:40 -0500
Processing by TwitchController#index as HTML
  Rendered twitch/index.html.erb within layouts/application (0.2ms)
Completed 200 OK in 1065ms (Views: 1064.3ms | ActiveRecord: 0.0ms)


Started GET "/assets/twitch-64e62ddc273c2f5847f30d698ca14b67.css?body=1" for ::1 at 2015-03-06 10:35:41 -0500


Started GET "/assets/application-5266d2988799ecc8fe6e81eaab412e7d.css?body=1" for ::1 at 2015-03-06 10:35:41 -0500


Started GET "/assets/jquery_ujs-e27bd20a10d28155845a22d71ef94f2f.js?body=1" for ::1 at 2015-03-06 10:35:41 -0500


Started GET "/assets/jquery-87424c3c19e96d4fb033c10ebe21ec40.js?body=1" for ::1 at 2015-03-06 10:35:41 -0500


Started GET "/assets/twitch-fcec5b5a277ac7c20cc9f45a209a3bcd.js?body=1" for ::1 at 2015-03-06 10:35:41 -0500


Started GET "/assets/turbolinks-f87b3583ca50adb0488b031297f5580d.js?body=1" for ::1 at 2015-03-06 10:35:41 -0500


Started GET "/assets/application-001948a807d6467a657420955d9f0c1c.js?body=1" for ::1 at 2015-03-06 10:35:41 -0500


Started GET "/" for ::1 at 2015-03-06 10:46:19 -0500
Processing by Rails::WelcomeController#index as HTML
  Rendered /Users/ThomasMidgett/.rbenv/versions/2.2.0/lib/ruby/gems/2.2.0/gems/railties-4.2.0/lib/rails/templates/rails/welcome/index.html.erb (0.1ms)
Completed 200 OK in 2ms (Views: 1.8ms | ActiveRecord: 0.0ms)


Started GET "/twitch/index" for ::1 at 2015-03-06 10:46:26 -0500
Processing by TwitchController#index as HTML
Completed 500 Internal Server Error in 1ms

NameError (uninitialized constant TwitchController::HTTParty):
  app/controllers/twitch_controller.rb:3:in `index'


  Rendered /Users/ThomasMidgett/.rbenv/versions/2.2.0/lib/ruby/gems/2.2.0/gems/actionpack-4.2.0/lib/action_dispatch/middleware/templates/rescues/_source.erb (3.9ms)
  Rendered /Users/ThomasMidgett/.rbenv/versions/2.2.0/lib/ruby/gems/2.2.0/gems/actionpack-4.2.0/lib/action_dispatch/middleware/templates/rescues/_trace.html.erb (3.0ms)
  Rendered /Users/ThomasMidgett/.rbenv/versions/2.2.0/lib/ruby/gems/2.2.0/gems/actionpack-4.2.0/lib/action_dispatch/middleware/templates/rescues/_request_and_response.html.erb (0.8ms)
  Rendered /Users/ThomasMidgett/.rbenv/versions/2.2.0/lib/ruby/gems/2.2.0/gems/actionpack-4.2.0/lib/action_dispatch/middleware/templates/rescues/diagnostics.html.erb within rescues/layout (57.9ms)
  Rendered /Users/ThomasMidgett/.rbenv/versions/2.2.0/lib/ruby/gems/2.2.0/gems/web-console-2.1.1/lib/web_console/templates/_markup.html (0.3ms)
  Rendered /Users/ThomasMidgett/.rbenv/versions/2.2.0/lib/ruby/gems/2.2.0/gems/web-console-2.1.1/lib/web_console/templates/style.css within layouts/inlined_string (0.4ms)
  Rendered /Users/ThomasMidgett/.rbenv/versions/2.2.0/lib/ruby/gems/2.2.0/gems/web-console-2.1.1/lib/web_console/templates/_inner_console_markup.html within layouts/inlined_string (0.2ms)
  Rendered /Users/ThomasMidgett/.rbenv/versions/2.2.0/lib/ruby/gems/2.2.0/gems/web-console-2.1.1/lib/web_console/templates/_prompt_box_markup.html within layouts/inlined_string (0.2ms)
  Rendered /Users/ThomasMidgett/.rbenv/versions/2.2.0/lib/ruby/gems/2.2.0/gems/web-console-2.1.1/lib/web_console/templates/console.js within layouts/javascript (50.8ms)
  Rendered /Users/ThomasMidgett/.rbenv/versions/2.2.0/lib/ruby/gems/2.2.0/gems/web-console-2.1.1/lib/web_console/templates/main.js within layouts/javascript (0.3ms)
  Rendered /Users/ThomasMidgett/.rbenv/versions/2.2.0/lib/ruby/gems/2.2.0/gems/web-console-2.1.1/lib/web_console/templates/error_page.js within layouts/javascript (0.3ms)
  Rendered /Users/ThomasMidgett/.rbenv/versions/2.2.0/lib/ruby/gems/2.2.0/gems/web-console-2.1.1/lib/web_console/templates/index.html (103.7ms)


Started GET "/twitch/index" for ::1 at 2015-03-06 10:47:27 -0500
Processing by TwitchController#index as HTML
Completed 500 Internal Server Error in 1ms

NameError (uninitialized constant TwitchController::HTTParty):
  app/controllers/twitch_controller.rb:3:in `index'


  Rendered /Users/ThomasMidgett/.rbenv/versions/2.2.0/lib/ruby/gems/2.2.0/gems/actionpack-4.2.0/lib/action_dispatch/middleware/templates/rescues/_source.erb (3.8ms)
  Rendered /Users/ThomasMidgett/.rbenv/versions/2.2.0/lib/ruby/gems/2.2.0/gems/actionpack-4.2.0/lib/action_dispatch/middleware/templates/rescues/_trace.html.erb (1.7ms)
  Rendered /Users/ThomasMidgett/.rbenv/versions/2.2.0/lib/ruby/gems/2.2.0/gems/actionpack-4.2.0/lib/action_dispatch/middleware/templates/rescues/_request_and_response.html.erb (0.7ms)
  Rendered /Users/ThomasMidgett/.rbenv/versions/2.2.0/lib/ruby/gems/2.2.0/gems/actionpack-4.2.0/lib/action_dispatch/middleware/templates/rescues/diagnostics.html.erb within rescues/layout (46.0ms)
  Rendered /Users/ThomasMidgett/.rbenv/versions/2.2.0/lib/ruby/gems/2.2.0/gems/web-console-2.1.1/lib/web_console/templates/_markup.html (0.2ms)
  Rendered /Users/ThomasMidgett/.rbenv/versions/2.2.0/lib/ruby/gems/2.2.0/gems/web-console-2.1.1/lib/web_console/templates/style.css within layouts/inlined_string (0.3ms)
  Rendered /Users/ThomasMidgett/.rbenv/versions/2.2.0/lib/ruby/gems/2.2.0/gems/web-console-2.1.1/lib/web_console/templates/_inner_console_markup.html within layouts/inlined_string (0.2ms)
  Rendered /Users/ThomasMidgett/.rbenv/versions/2.2.0/lib/ruby/gems/2.2.0/gems/web-console-2.1.1/lib/web_console/templates/_prompt_box_markup.html within layouts/inlined_string (0.3ms)
  Rendered /Users/ThomasMidgett/.rbenv/versions/2.2.0/lib/ruby/gems/2.2.0/gems/web-console-2.1.1/lib/web_console/templates/console.js within layouts/javascript (41.1ms)
  Rendered /Users/ThomasMidgett/.rbenv/versions/2.2.0/lib/ruby/gems/2.2.0/gems/web-console-2.1.1/lib/web_console/templates/main.js within layouts/javascript (0.3ms)
  Rendered /Users/ThomasMidgett/.rbenv/versions/2.2.0/lib/ruby/gems/2.2.0/gems/web-console-2.1.1/lib/web_console/templates/error_page.js within layouts/javascript (0.4ms)
  Rendered /Users/ThomasMidgett/.rbenv/versions/2.2.0/lib/ruby/gems/2.2.0/gems/web-console-2.1.1/lib/web_console/templates/index.html (89.7ms)


Started GET "/twitch/index" for ::1 at 2015-03-06 10:47:28 -0500
Processing by TwitchController#index as HTML
Completed 500 Internal Server Error in 2ms

NameError (uninitialized constant TwitchController::HTTParty):
  app/controllers/twitch_controller.rb:3:in `index'


  Rendered /Users/ThomasMidgett/.rbenv/versions/2.2.0/lib/ruby/gems/2.2.0/gems/actionpack-4.2.0/lib/action_dispatch/middleware/templates/rescues/_source.erb (6.6ms)
  Rendered /Users/ThomasMidgett/.rbenv/versions/2.2.0/lib/ruby/gems/2.2.0/gems/actionpack-4.2.0/lib/action_dispatch/middleware/templates/rescues/_trace.html.erb (2.5ms)
  Rendered /Users/ThomasMidgett/.rbenv/versions/2.2.0/lib/ruby/gems/2.2.0/gems/actionpack-4.2.0/lib/action_dispatch/middleware/templates/rescues/_request_and_response.html.erb (1.2ms)
  Rendered /Users/ThomasMidgett/.rbenv/versions/2.2.0/lib/ruby/gems/2.2.0/gems/actionpack-4.2.0/lib/action_dispatch/middleware/templates/rescues/diagnostics.html.erb within rescues/layout (53.3ms)
  Rendered /Users/ThomasMidgett/.rbenv/versions/2.2.0/lib/ruby/gems/2.2.0/gems/web-console-2.1.1/lib/web_console/templates/_markup.html (0.6ms)
  Rendered /Users/ThomasMidgett/.rbenv/versions/2.2.0/lib/ruby/gems/2.2.0/gems/web-console-2.1.1/lib/web_console/templates/style.css within layouts/inlined_string (0.5ms)
  Rendered /Users/ThomasMidgett/.rbenv/versions/2.2.0/lib/ruby/gems/2.2.0/gems/web-console-2.1.1/lib/web_console/templates/_inner_console_markup.html within layouts/inlined_string (0.3ms)
  Rendered /Users/ThomasMidgett/.rbenv/versions/2.2.0/lib/ruby/gems/2.2.0/gems/web-console-2.1.1/lib/web_console/templates/_prompt_box_markup.html within layouts/inlined_string (0.3ms)
  Rendered /Users/ThomasMidgett/.rbenv/versions/2.2.0/lib/ruby/gems/2.2.0/gems/web-console-2.1.1/lib/web_console/templates/console.js within layouts/javascript (43.9ms)
  Rendered /Users/ThomasMidgett/.rbenv/versions/2.2.0/lib/ruby/gems/2.2.0/gems/web-console-2.1.1/lib/web_console/templates/main.js within layouts/javascript (0.3ms)
  Rendered /Users/ThomasMidgett/.rbenv/versions/2.2.0/lib/ruby/gems/2.2.0/gems/web-console-2.1.1/lib/web_console/templates/error_page.js within layouts/javascript (0.4ms)
  Rendered /Users/ThomasMidgett/.rbenv/versions/2.2.0/lib/ruby/gems/2.2.0/gems/web-console-2.1.1/lib/web_console/templates/index.html (101.0ms)


Started GET "/twitch/index" for ::1 at 2015-03-06 10:48:14 -0500
Processing by TwitchController#index as HTML
  Rendered twitch/index.html.erb within layouts/application (0.9ms)
Completed 200 OK in 537ms (Views: 55.3ms | ActiveRecord: 0.0ms)


Started GET "/assets/twitch-64e62ddc273c2f5847f30d698ca14b67.css?body=1" for ::1 at 2015-03-06 10:48:14 -0500


Started GET "/assets/application-5266d2988799ecc8fe6e81eaab412e7d.css?body=1" for ::1 at 2015-03-06 10:48:14 -0500


Started GET "/assets/turbolinks-f87b3583ca50adb0488b031297f5580d.js?body=1" for ::1 at 2015-03-06 10:48:14 -0500


Started GET "/assets/jquery_ujs-e27bd20a10d28155845a22d71ef94f2f.js?body=1" for ::1 at 2015-03-06 10:48:14 -0500


Started GET "/assets/jquery-87424c3c19e96d4fb033c10ebe21ec40.js?body=1" for ::1 at 2015-03-06 10:48:14 -0500


Started GET "/assets/twitch-fcec5b5a277ac7c20cc9f45a209a3bcd.js?body=1" for ::1 at 2015-03-06 10:48:15 -0500


Started GET "/assets/application-001948a807d6467a657420955d9f0c1c.js?body=1" for ::1 at 2015-03-06 10:48:15 -0500


Started GET "/twitch/index" for ::1 at 2015-03-06 10:50:51 -0500
Processing by TwitchController#index as HTML
  Rendered twitch/index.html.erb within layouts/application (0.1ms)
Completed 200 OK in 564ms (Views: 30.4ms | ActiveRecord: 0.0ms)


Started GET "/assets/twitch-64e62ddc273c2f5847f30d698ca14b67.css?body=1" for ::1 at 2015-03-06 10:50:52 -0500


Started GET "/assets/application-5266d2988799ecc8fe6e81eaab412e7d.css?body=1" for ::1 at 2015-03-06 10:50:52 -0500


Started GET "/assets/turbolinks-f87b3583ca50adb0488b031297f5580d.js?body=1" for ::1 at 2015-03-06 10:50:52 -0500


Started GET "/assets/jquery-87424c3c19e96d4fb033c10ebe21ec40.js?body=1" for ::1 at 2015-03-06 10:50:52 -0500


Started GET "/assets/jquery_ujs-e27bd20a10d28155845a22d71ef94f2f.js?body=1" for ::1 at 2015-03-06 10:50:52 -0500


Started GET "/assets/twitch-fcec5b5a277ac7c20cc9f45a209a3bcd.js?body=1" for ::1 at 2015-03-06 10:50:52 -0500


Started GET "/assets/application-001948a807d6467a657420955d9f0c1c.js?body=1" for ::1 at 2015-03-06 10:50:52 -0500


Started GET "/twitch/index" for ::1 at 2015-03-06 10:50:53 -0500
Processing by TwitchController#index as HTML
  Rendered twitch/index.html.erb within layouts/application (0.1ms)
Completed 200 OK in 449ms (Views: 28.2ms | ActiveRecord: 0.0ms)


Started GET "/assets/twitch-64e62ddc273c2f5847f30d698ca14b67.css?body=1" for ::1 at 2015-03-06 10:50:54 -0500


Started GET "/assets/jquery-87424c3c19e96d4fb033c10ebe21ec40.js?body=1" for ::1 at 2015-03-06 10:50:54 -0500


Started GET "/assets/application-5266d2988799ecc8fe6e81eaab412e7d.css?body=1" for ::1 at 2015-03-06 10:50:54 -0500


Started GET "/assets/jquery_ujs-e27bd20a10d28155845a22d71ef94f2f.js?body=1" for ::1 at 2015-03-06 10:50:54 -0500


Started GET "/assets/turbolinks-f87b3583ca50adb0488b031297f5580d.js?body=1" for ::1 at 2015-03-06 10:50:54 -0500


Started GET "/assets/twitch-fcec5b5a277ac7c20cc9f45a209a3bcd.js?body=1" for ::1 at 2015-03-06 10:50:54 -0500


Started GET "/assets/application-001948a807d6467a657420955d9f0c1c.js?body=1" for ::1 at 2015-03-06 10:50:54 -0500
